<?xml version="1.0" encoding="UTF-8"?>
<!-- Generated by org.testng.reporters.JUnitXMLReporter -->
<testsuite ignored="0" hostname="Calvin" failures="1" tests="2" name="Test" time="5.275" errors="0" timestamp="2024-10-23T22:33:05 EDT">
  <testcase classname="com.ect.testcases.LoginTest" name="verify" time="1.71"/>
  <testcase classname="com.ect.testcases.LoginTest" name="verify" time="0.787">
    <failure type="java.lang.AssertionError" message="expected [true] but found [false]">
      <![CDATA[java.lang.AssertionError: expected [true] but found [false]
at com.ect.testcases.LoginTest.verify(LoginTest.java:29)
at java.base/java.util.ArrayList.forEach(ArrayList.java:1597)
... Removed 29 stack frames]]>
    </failure>
  </testcase> <!-- verify -->
</testsuite> <!-- Test -->
